0 info it worked if it ends with ok
1 verbose cli [ '/usr/local/bin/node',
1 verbose cli   '/usr/local/bin/npm',
1 verbose cli   'install',
1 verbose cli   'jade-bootstrap' ]
2 info using npm@1.3.24
3 info using node@v0.10.25
4 warn package.json Treinamento@0.0.1 No repository field.
5 warn package.json Treinamento@0.0.1 No README data
6 verbose readDependencies using package.json deps
7 verbose cache add [ 'jade-bootstrap', null ]
8 verbose cache add name=undefined spec="jade-bootstrap" args=["jade-bootstrap",null]
9 verbose parsed url { protocol: null,
9 verbose parsed url   slashes: null,
9 verbose parsed url   auth: null,
9 verbose parsed url   host: null,
9 verbose parsed url   port: null,
9 verbose parsed url   hostname: null,
9 verbose parsed url   hash: null,
9 verbose parsed url   search: null,
9 verbose parsed url   query: null,
9 verbose parsed url   pathname: 'jade-bootstrap',
9 verbose parsed url   path: 'jade-bootstrap',
9 verbose parsed url   href: 'jade-bootstrap' }
10 silly lockFile 6adaa2c3-jade-bootstrap jade-bootstrap
11 verbose lock jade-bootstrap /home/gt4w/.npm/6adaa2c3-jade-bootstrap.lock
12 silly lockFile 6adaa2c3-jade-bootstrap jade-bootstrap
13 silly lockFile 6adaa2c3-jade-bootstrap jade-bootstrap
14 verbose addNamed [ 'jade-bootstrap', '' ]
15 verbose addNamed [ null, '*' ]
16 silly lockFile 2c59d03d-jade-bootstrap jade-bootstrap@
17 verbose lock jade-bootstrap@ /home/gt4w/.npm/2c59d03d-jade-bootstrap.lock
18 silly addNameRange { name: 'jade-bootstrap', range: '*', hasData: false }
19 verbose url raw jade-bootstrap
20 verbose url resolving [ 'https://registry.npmjs.org/', './jade-bootstrap' ]
21 verbose url resolved https://registry.npmjs.org/jade-bootstrap
22 info trying registry request attempt 1 at 17:14:49
23 http GET https://registry.npmjs.org/jade-bootstrap
24 http 200 https://registry.npmjs.org/jade-bootstrap
25 silly registry.get cb [ 200,
25 silly registry.get   { server: 'nginx/1.10.1',
25 silly registry.get     'content-type': 'application/json',
25 silly registry.get     'last-modified': 'Mon, 24 Apr 2017 06:57:41 GMT',
25 silly registry.get     etag: '"58fda1e5-49ef"',
25 silly registry.get     'cache-control': 'max-age=300',
25 silly registry.get     'content-length': '18927',
25 silly registry.get     'accept-ranges': 'bytes',
25 silly registry.get     date: 'Fri, 12 May 2017 20:14:50 GMT',
25 silly registry.get     via: '1.1 varnish',
25 silly registry.get     age: '0',
25 silly registry.get     connection: 'keep-alive',
25 silly registry.get     'x-served-by': 'cache-gru7127-GRU',
25 silly registry.get     'x-cache': 'MISS',
25 silly registry.get     'x-cache-hits': '0',
25 silly registry.get     'x-timer': 'S1494620090.099322,VS0,VE213',
25 silly registry.get     vary: 'Accept-Encoding' } ]
26 silly addNameRange number 2 { name: 'jade-bootstrap', range: '*', hasData: true }
27 silly addNameRange versions [ 'jade-bootstrap',
27 silly addNameRange   [ '1.0.0',
27 silly addNameRange     '1.0.1',
27 silly addNameRange     '1.0.2',
27 silly addNameRange     '1.0.3',
27 silly addNameRange     '1.0.4',
27 silly addNameRange     '1.0.5',
27 silly addNameRange     '1.0.6',
27 silly addNameRange     '1.0.7',
27 silly addNameRange     '1.0.8',
27 silly addNameRange     '1.0.9',
27 silly addNameRange     '1.0.11',
27 silly addNameRange     '1.0.12' ] ]
28 verbose addNamed [ 'jade-bootstrap', '1.0.12' ]
29 verbose addNamed [ '1.0.12', '1.0.12' ]
30 silly lockFile 70870638-jade-bootstrap-1-0-12 jade-bootstrap@1.0.12
31 verbose lock jade-bootstrap@1.0.12 /home/gt4w/.npm/70870638-jade-bootstrap-1-0-12.lock
32 silly lockFile a08a2c37-tstrap-jade-bootstrap-1-0-12-tgz https://registry.npmjs.org/jade-bootstrap/-/jade-bootstrap-1.0.12.tgz
33 verbose lock https://registry.npmjs.org/jade-bootstrap/-/jade-bootstrap-1.0.12.tgz /home/gt4w/.npm/a08a2c37-tstrap-jade-bootstrap-1-0-12-tgz.lock
34 verbose addRemoteTarball [ 'https://registry.npmjs.org/jade-bootstrap/-/jade-bootstrap-1.0.12.tgz',
34 verbose addRemoteTarball   '573006ae22c23ba7edbc6085e8abf2d8130f26dd' ]
35 info retry fetch attempt 1 at 17:14:50
36 verbose fetch to= /home/gt4w/tmp/npm-3025-ykUilBWU/1494620090357-0.09534613811410964/tmp.tgz
37 http GET https://registry.npmjs.org/jade-bootstrap/-/jade-bootstrap-1.0.12.tgz
38 http 200 https://registry.npmjs.org/jade-bootstrap/-/jade-bootstrap-1.0.12.tgz
39 verbose tar unpack /home/gt4w/tmp/npm-3025-ykUilBWU/1494620090357-0.09534613811410964/tmp.tgz
40 silly lockFile 5a57bb92-0357-0-09534613811410964-package tar:///home/gt4w/tmp/npm-3025-ykUilBWU/1494620090357-0.09534613811410964/package
41 verbose lock tar:///home/gt4w/tmp/npm-3025-ykUilBWU/1494620090357-0.09534613811410964/package /home/gt4w/.npm/5a57bb92-0357-0-09534613811410964-package.lock
42 silly lockFile 4c3e9f17-0357-0-09534613811410964-tmp-tgz tar:///home/gt4w/tmp/npm-3025-ykUilBWU/1494620090357-0.09534613811410964/tmp.tgz
43 verbose lock tar:///home/gt4w/tmp/npm-3025-ykUilBWU/1494620090357-0.09534613811410964/tmp.tgz /home/gt4w/.npm/4c3e9f17-0357-0-09534613811410964-tmp-tgz.lock
44 silly gunzTarPerm modes [ '755', '644' ]
45 silly gunzTarPerm extractEntry package.json
46 silly gunzTarPerm extractEntry .npmignore
47 silly gunzTarPerm extractEntry README.md
48 silly gunzTarPerm extractEntry LICENSE
49 silly gunzTarPerm extractEntry _bootstrap.pug
50 silly gunzTarPerm extractEntry .jshintrc
51 silly gunzTarPerm extractEntry bower.json
52 silly gunzTarPerm extractEntry components/list-groups.pug
53 silly gunzTarPerm extractEntry components/accordion.pug
54 silly gunzTarPerm extractEntry components/bootswatch.pug
55 silly gunzTarPerm extractEntry components/buttons.pug
56 silly gunzTarPerm extractEntry components/carousel.pug
57 silly gunzTarPerm extractEntry components/dropdowns.pug
58 silly gunzTarPerm extractEntry components/forms.pug
59 silly gunzTarPerm extractEntry components/icons.pug
60 silly gunzTarPerm extractEntry components/images.pug
61 silly gunzTarPerm extractEntry components/labels.pug
62 silly gunzTarPerm extractEntry components/alerts.pug
63 silly gunzTarPerm extractEntry components/modal.pug
64 silly gunzTarPerm extractEntry components/navbar.pug
65 silly gunzTarPerm extractEntry components/navs.pug
66 silly gunzTarPerm extractEntry components/panels.pug
67 silly gunzTarPerm extractEntry components/progress-bars.pug
68 silly gunzTarPerm extractEntry components/tables.pug
69 silly gunzTarPerm extractEntry components/tabs.pug
70 silly gunzTarPerm extractEntry components/toggle.pug
71 silly gunzTarPerm extractEntry components/tooltips.pug
72 silly gunzTarPerm extractEntry css/navbar-static-top.css
73 silly gunzTarPerm extractEntry css/blog.css
74 silly gunzTarPerm extractEntry css/codemirror.css
75 silly gunzTarPerm extractEntry css/cover.css
76 silly gunzTarPerm extractEntry css/dashboard.css
77 silly gunzTarPerm extractEntry css/jumbotron-narrow.css
78 silly gunzTarPerm extractEntry css/jumbotron.css
79 silly gunzTarPerm extractEntry css/justified-nav.css
80 silly gunzTarPerm extractEntry css/navbar-fixed-top.css
81 silly gunzTarPerm extractEntry css/carousel.css
82 silly gunzTarPerm extractEntry css/navbar.css
83 silly gunzTarPerm extractEntry css/non-responsive.css
84 silly gunzTarPerm extractEntry css/offcanvas.css
85 silly gunzTarPerm extractEntry css/signin.css
86 silly gunzTarPerm extractEntry css/starter-template.css
87 silly gunzTarPerm extractEntry css/sticky-footer-navbar.css
88 silly gunzTarPerm extractEntry css/sticky-footer.css
89 silly gunzTarPerm extractEntry css/theme.css
90 silly gunzTarPerm extractEntry layouts/navbar-static.pug
91 silly gunzTarPerm extractEntry layouts/blog.pug
92 silly gunzTarPerm extractEntry layouts/carousel.pug
93 silly gunzTarPerm extractEntry layouts/cover.pug
94 silly gunzTarPerm extractEntry layouts/dashboard.pug
95 silly gunzTarPerm extractEntry layouts/jumbotron-narrow.pug
96 silly gunzTarPerm extractEntry layouts/jumbotron.pug
97 silly gunzTarPerm extractEntry layouts/justified-nav.pug
98 silly gunzTarPerm extractEntry layouts/navbar-fixed.pug
99 silly gunzTarPerm extractEntry layouts/bootswatch.pug
100 silly gunzTarPerm extractEntry layouts/navbar.pug
101 silly gunzTarPerm extractEntry layouts/non-responsive.pug
102 silly gunzTarPerm extractEntry layouts/offcanvas.pug
103 silly gunzTarPerm extractEntry layouts/sign-in.pug
104 silly gunzTarPerm extractEntry layouts/starter.pug
105 silly gunzTarPerm extractEntry layouts/sticky-footer-navbar.pug
106 silly gunzTarPerm extractEntry layouts/sticky-footer.pug
107 silly gunzTarPerm extractEntry layouts/theme-template.pug
108 silly gunzTarPerm extractEntry .travis.yml
109 silly gunzTarPerm extractEntry test/accordion.js
110 silly gunzTarPerm extractEntry test/toggle.js
111 silly gunzTarPerm extractEntry test/forms.js
112 silly gunzTarPerm extractEntry test/icons.js
113 silly gunzTarPerm extractEntry test/images.js
114 silly gunzTarPerm extractEntry test/dropdowns.js
115 silly gunzTarPerm extractEntry test/list-groups.js
116 silly gunzTarPerm extractEntry test/modal.js
117 silly gunzTarPerm extractEntry test/navbar.js
118 silly gunzTarPerm extractEntry test/navs.js
119 silly gunzTarPerm extractEntry test/panels.js
120 silly gunzTarPerm extractEntry test/carousel.js
121 silly gunzTarPerm extractEntry test/progress-bar.js
122 silly gunzTarPerm extractEntry test/buttons.js
123 silly gunzTarPerm extractEntry test/tables.js
124 silly gunzTarPerm extractEntry test/bootswatch.js
125 silly gunzTarPerm extractEntry test/tabs.js
126 silly gunzTarPerm extractEntry test/alert.js
127 silly gunzTarPerm extractEntry test/tooltips.js
128 silly gunzTarPerm extractEntry test/labels.js
129 silly gunzTarPerm extractEntry test/fixtures/icons/icon-danger.pug
130 silly gunzTarPerm extractEntry test/fixtures/icons/icon-info.pug
131 silly gunzTarPerm extractEntry test/fixtures/icons/icon-primary.pug
132 silly gunzTarPerm extractEntry test/fixtures/icons/icon-success.pug
133 silly gunzTarPerm extractEntry test/fixtures/icons/icon-warning.pug
134 silly gunzTarPerm extractEntry test/fixtures/icons/icon.pug
135 silly gunzTarPerm extractEntry test/fixtures/accordion/accordion-item-primary.pug
136 silly gunzTarPerm extractEntry test/fixtures/accordion/accordion.pug
137 silly gunzTarPerm extractEntry test/fixtures/bootswatch.pug
138 silly gunzTarPerm extractEntry test/fixtures/buttons/btn-danger.pug
139 silly gunzTarPerm extractEntry test/fixtures/buttons/btn-info.pug
140 silly gunzTarPerm extractEntry test/fixtures/buttons/btn-lg-danger.pug
141 silly gunzTarPerm extractEntry test/fixtures/buttons/btn-lg-info.pug
142 silly gunzTarPerm extractEntry test/fixtures/buttons/btn-lg-primary.pug
143 silly gunzTarPerm extractEntry test/fixtures/buttons/btn-lg-success.pug
144 silly gunzTarPerm extractEntry test/fixtures/buttons/btn-lg-warning.pug
145 silly gunzTarPerm extractEntry test/fixtures/buttons/btn-primary.pug
146 silly gunzTarPerm extractEntry test/fixtures/buttons/btn-success.pug
147 silly gunzTarPerm extractEntry test/fixtures/buttons/btn-warning.pug
148 silly gunzTarPerm extractEntry test/fixtures/forms/badge.pug
149 silly gunzTarPerm extractEntry test/fixtures/forms/checkbox-inline.pug
150 silly gunzTarPerm extractEntry test/fixtures/forms/checkbox.pug
151 silly gunzTarPerm extractEntry test/fixtures/forms/icon-btn.pug
152 silly gunzTarPerm extractEntry test/fixtures/forms/input-group.pug
153 silly gunzTarPerm extractEntry test/fixtures/forms/input-simple.pug
154 silly gunzTarPerm extractEntry test/fixtures/forms/input.pug
155 silly gunzTarPerm extractEntry test/fixtures/forms/radio-inline.pug
156 silly gunzTarPerm extractEntry test/fixtures/forms/radio.pug
157 silly gunzTarPerm extractEntry test/fixtures/forms/submit.pug
158 silly gunzTarPerm extractEntry test/fixtures/alerts/alert-ix-warning.pug
159 silly gunzTarPerm extractEntry test/fixtures/alerts/alert-danger.pug
160 silly gunzTarPerm extractEntry test/fixtures/alerts/alert-i-info.pug
161 silly gunzTarPerm extractEntry test/fixtures/alerts/alert-i-success.pug
162 silly gunzTarPerm extractEntry test/fixtures/alerts/alert-i-warning.pug
163 silly gunzTarPerm extractEntry test/fixtures/alerts/alert-i.pug
164 silly gunzTarPerm extractEntry test/fixtures/alerts/alert-info.pug
165 silly gunzTarPerm extractEntry test/fixtures/alerts/alert-ix-danger.pug
166 silly gunzTarPerm extractEntry test/fixtures/alerts/alert-ix-info.pug
167 silly gunzTarPerm extractEntry test/fixtures/alerts/alert-ix-success.pug
168 silly gunzTarPerm extractEntry test/fixtures/alerts/alert-i-danger.pug
169 silly gunzTarPerm extractEntry test/fixtures/alerts/alert-primary.pug
170 silly gunzTarPerm extractEntry test/fixtures/alerts/alert-success.pug
171 silly gunzTarPerm extractEntry test/fixtures/alerts/alert-warning.pug
172 silly gunzTarPerm extractEntry test/fixtures/alerts/alert-x-danger.pug
173 silly gunzTarPerm extractEntry test/fixtures/alerts/alert-x-info.pug
174 silly gunzTarPerm extractEntry test/fixtures/alerts/alert-x-success.pug
175 silly gunzTarPerm extractEntry test/fixtures/alerts/alert-x-warning.pug
176 silly gunzTarPerm extractEntry test/fixtures/alerts/alert-x.pug
177 silly gunzTarPerm extractEntry test/fixtures/alerts/alert.pug
178 silly gunzTarPerm extractEntry test/fixtures/images/img-circle.pug
179 silly gunzTarPerm extractEntry test/fixtures/images/img-responsive-center.pug
180 silly gunzTarPerm extractEntry test/fixtures/images/img-responsive.pug
181 silly gunzTarPerm extractEntry test/fixtures/images/img-rounded.pug
182 silly gunzTarPerm extractEntry test/fixtures/images/img-thumbnail.pug
183 silly gunzTarPerm extractEntry test/fixtures/labels/label-danger.pug
184 silly gunzTarPerm extractEntry test/fixtures/labels/label-default.pug
185 silly gunzTarPerm extractEntry test/fixtures/labels/label-info.pug
186 silly gunzTarPerm extractEntry test/fixtures/labels/label-primary.pug
187 silly gunzTarPerm extractEntry test/fixtures/labels/label-success.pug
188 silly gunzTarPerm extractEntry test/fixtures/labels/label-warning.pug
189 silly gunzTarPerm extractEntry test/fixtures/labels/label.pug
190 silly gunzTarPerm extractEntry test/fixtures/panels/default-panel.pug
191 silly gunzTarPerm extractEntry test/fixtures/panels/simple-panel.pug
192 silly gunzTarPerm extractEntry test/fixtures/progress-bar/progress-bar-danger.pug
193 silly gunzTarPerm extractEntry test/fixtures/progress-bar/progress-bar-info.pug
194 silly gunzTarPerm extractEntry test/fixtures/progress-bar/progress-bar-primary.pug
195 silly gunzTarPerm extractEntry test/fixtures/progress-bar/progress-bar-success.pug
196 silly gunzTarPerm extractEntry test/fixtures/progress-bar/progress-bar-warning.pug
197 silly gunzTarPerm extractEntry test/fixtures/progress-bar/progress-bar.pug
198 silly gunzTarPerm extractEntry test/fixtures/toggles/danger-toggle.pug
199 silly gunzTarPerm extractEntry test/fixtures/toggles/default-toggle.pug
200 silly gunzTarPerm extractEntry test/fixtures/toggles/info-toggle.pug
201 silly gunzTarPerm extractEntry test/fixtures/toggles/primary-toggle.pug
202 silly gunzTarPerm extractEntry test/fixtures/toggles/success-toggle.pug
203 silly gunzTarPerm extractEntry test/fixtures/toggles/warning-toggle.pug
204 silly gunzTarPerm extractEntry test/fixtures/tooltips/bottom-tooltip.pug
205 silly gunzTarPerm extractEntry test/fixtures/tooltips/left-tooltip.pug
206 silly gunzTarPerm extractEntry test/fixtures/tooltips/right-tooltip.pug
207 silly gunzTarPerm extractEntry test/fixtures/tooltips/top-tooltip.pug
208 silly lockFile 5a57bb92-0357-0-09534613811410964-package tar:///home/gt4w/tmp/npm-3025-ykUilBWU/1494620090357-0.09534613811410964/package
209 silly lockFile 5a57bb92-0357-0-09534613811410964-package tar:///home/gt4w/tmp/npm-3025-ykUilBWU/1494620090357-0.09534613811410964/package
210 silly lockFile 4c3e9f17-0357-0-09534613811410964-tmp-tgz tar:///home/gt4w/tmp/npm-3025-ykUilBWU/1494620090357-0.09534613811410964/tmp.tgz
211 silly lockFile 4c3e9f17-0357-0-09534613811410964-tmp-tgz tar:///home/gt4w/tmp/npm-3025-ykUilBWU/1494620090357-0.09534613811410964/tmp.tgz
212 verbose tar pack [ '/home/gt4w/.npm/jade-bootstrap/1.0.12/package.tgz',
212 verbose tar pack   '/home/gt4w/tmp/npm-3025-ykUilBWU/1494620090357-0.09534613811410964/package' ]
213 verbose tarball /home/gt4w/.npm/jade-bootstrap/1.0.12/package.tgz
214 verbose folder /home/gt4w/tmp/npm-3025-ykUilBWU/1494620090357-0.09534613811410964/package
215 silly lockFile 5a57bb92-0357-0-09534613811410964-package tar:///home/gt4w/tmp/npm-3025-ykUilBWU/1494620090357-0.09534613811410964/package
216 verbose lock tar:///home/gt4w/tmp/npm-3025-ykUilBWU/1494620090357-0.09534613811410964/package /home/gt4w/.npm/5a57bb92-0357-0-09534613811410964-package.lock
217 silly lockFile 5251bdc9-ade-bootstrap-1-0-12-package-tgz tar:///home/gt4w/.npm/jade-bootstrap/1.0.12/package.tgz
218 verbose lock tar:///home/gt4w/.npm/jade-bootstrap/1.0.12/package.tgz /home/gt4w/.npm/5251bdc9-ade-bootstrap-1-0-12-package-tgz.lock
219 silly lockFile 5a57bb92-0357-0-09534613811410964-package tar:///home/gt4w/tmp/npm-3025-ykUilBWU/1494620090357-0.09534613811410964/package
220 silly lockFile 5a57bb92-0357-0-09534613811410964-package tar:///home/gt4w/tmp/npm-3025-ykUilBWU/1494620090357-0.09534613811410964/package
221 silly lockFile 5251bdc9-ade-bootstrap-1-0-12-package-tgz tar:///home/gt4w/.npm/jade-bootstrap/1.0.12/package.tgz
222 silly lockFile 5251bdc9-ade-bootstrap-1-0-12-package-tgz tar:///home/gt4w/.npm/jade-bootstrap/1.0.12/package.tgz
223 silly lockFile 89a1b2df-pm-jade-bootstrap-1-0-12-package /home/gt4w/.npm/jade-bootstrap/1.0.12/package
224 verbose lock /home/gt4w/.npm/jade-bootstrap/1.0.12/package /home/gt4w/.npm/89a1b2df-pm-jade-bootstrap-1-0-12-package.lock
225 silly lockFile 89a1b2df-pm-jade-bootstrap-1-0-12-package /home/gt4w/.npm/jade-bootstrap/1.0.12/package
226 silly lockFile 89a1b2df-pm-jade-bootstrap-1-0-12-package /home/gt4w/.npm/jade-bootstrap/1.0.12/package
227 verbose tar unpack /home/gt4w/.npm/jade-bootstrap/1.0.12/package.tgz
228 silly lockFile 4b64908f-pm-jade-bootstrap-1-0-12-package tar:///home/gt4w/.npm/jade-bootstrap/1.0.12/package
229 verbose lock tar:///home/gt4w/.npm/jade-bootstrap/1.0.12/package /home/gt4w/.npm/4b64908f-pm-jade-bootstrap-1-0-12-package.lock
230 silly lockFile 5251bdc9-ade-bootstrap-1-0-12-package-tgz tar:///home/gt4w/.npm/jade-bootstrap/1.0.12/package.tgz
231 verbose lock tar:///home/gt4w/.npm/jade-bootstrap/1.0.12/package.tgz /home/gt4w/.npm/5251bdc9-ade-bootstrap-1-0-12-package-tgz.lock
232 silly gunzTarPerm modes [ '755', '644' ]
233 silly gunzTarPerm extractEntry package.json
234 silly gunzTarPerm extractEntry .npmignore
235 silly gunzTarPerm extractEntry README.md
236 silly gunzTarPerm extractEntry LICENSE
237 silly gunzTarPerm extractEntry bower.json
238 silly gunzTarPerm extractEntry _bootstrap.pug
239 silly gunzTarPerm extractEntry .jshintrc
240 silly gunzTarPerm extractEntry components/list-groups.pug
241 silly gunzTarPerm extractEntry components/accordion.pug
242 silly gunzTarPerm extractEntry components/bootswatch.pug
243 silly gunzTarPerm extractEntry components/buttons.pug
244 silly gunzTarPerm extractEntry components/carousel.pug
245 silly gunzTarPerm extractEntry components/dropdowns.pug
246 silly gunzTarPerm extractEntry components/forms.pug
247 silly gunzTarPerm extractEntry components/icons.pug
248 silly gunzTarPerm extractEntry components/images.pug
249 silly gunzTarPerm extractEntry components/labels.pug
250 silly gunzTarPerm extractEntry components/alerts.pug
251 silly gunzTarPerm extractEntry components/modal.pug
252 silly gunzTarPerm extractEntry components/navbar.pug
253 silly gunzTarPerm extractEntry components/navs.pug
254 silly gunzTarPerm extractEntry components/panels.pug
255 silly gunzTarPerm extractEntry components/progress-bars.pug
256 silly gunzTarPerm extractEntry components/tables.pug
257 silly gunzTarPerm extractEntry components/tabs.pug
258 silly gunzTarPerm extractEntry components/toggle.pug
259 silly gunzTarPerm extractEntry components/tooltips.pug
260 silly gunzTarPerm extractEntry css/navbar-static-top.css
261 silly gunzTarPerm extractEntry css/blog.css
262 silly gunzTarPerm extractEntry css/codemirror.css
263 silly gunzTarPerm extractEntry css/cover.css
264 silly gunzTarPerm extractEntry css/dashboard.css
265 silly gunzTarPerm extractEntry css/jumbotron-narrow.css
266 silly gunzTarPerm extractEntry css/jumbotron.css
267 silly gunzTarPerm extractEntry css/justified-nav.css
268 silly gunzTarPerm extractEntry css/navbar-fixed-top.css
269 silly gunzTarPerm extractEntry css/carousel.css
270 silly gunzTarPerm extractEntry css/navbar.css
271 silly gunzTarPerm extractEntry css/non-responsive.css
272 silly gunzTarPerm extractEntry css/offcanvas.css
273 silly gunzTarPerm extractEntry css/signin.css
274 silly gunzTarPerm extractEntry css/starter-template.css
275 silly gunzTarPerm extractEntry css/sticky-footer-navbar.css
276 silly gunzTarPerm extractEntry css/sticky-footer.css
277 silly gunzTarPerm extractEntry css/theme.css
278 silly gunzTarPerm extractEntry layouts/navbar-static.pug
279 silly gunzTarPerm extractEntry layouts/blog.pug
280 silly gunzTarPerm extractEntry layouts/carousel.pug
281 silly gunzTarPerm extractEntry layouts/cover.pug
282 silly gunzTarPerm extractEntry layouts/dashboard.pug
283 silly gunzTarPerm extractEntry layouts/jumbotron-narrow.pug
284 silly gunzTarPerm extractEntry layouts/jumbotron.pug
285 silly gunzTarPerm extractEntry layouts/justified-nav.pug
286 silly gunzTarPerm extractEntry layouts/navbar-fixed.pug
287 silly gunzTarPerm extractEntry layouts/bootswatch.pug
288 silly gunzTarPerm extractEntry layouts/navbar.pug
289 silly gunzTarPerm extractEntry layouts/non-responsive.pug
290 silly gunzTarPerm extractEntry layouts/offcanvas.pug
291 silly gunzTarPerm extractEntry layouts/sign-in.pug
292 silly gunzTarPerm extractEntry layouts/starter.pug
293 silly gunzTarPerm extractEntry layouts/sticky-footer-navbar.pug
294 silly gunzTarPerm extractEntry layouts/sticky-footer.pug
295 silly gunzTarPerm extractEntry layouts/theme-template.pug
296 silly gunzTarPerm extractEntry .travis.yml
297 silly gunzTarPerm extractEntry test/accordion.js
298 silly gunzTarPerm extractEntry test/toggle.js
299 silly gunzTarPerm extractEntry test/forms.js
300 silly gunzTarPerm extractEntry test/icons.js
301 silly gunzTarPerm extractEntry test/images.js
302 silly gunzTarPerm extractEntry test/dropdowns.js
303 silly gunzTarPerm extractEntry test/list-groups.js
304 silly gunzTarPerm extractEntry test/modal.js
305 silly gunzTarPerm extractEntry test/navbar.js
306 silly gunzTarPerm extractEntry test/navs.js
307 silly gunzTarPerm extractEntry test/panels.js
308 silly gunzTarPerm extractEntry test/carousel.js
309 silly gunzTarPerm extractEntry test/progress-bar.js
310 silly gunzTarPerm extractEntry test/buttons.js
311 silly gunzTarPerm extractEntry test/tables.js
312 silly gunzTarPerm extractEntry test/bootswatch.js
313 silly gunzTarPerm extractEntry test/tabs.js
314 silly gunzTarPerm extractEntry test/alert.js
315 silly gunzTarPerm extractEntry test/tooltips.js
316 silly gunzTarPerm extractEntry test/labels.js
317 silly gunzTarPerm extractEntry test/fixtures/images/img-circle.pug
318 silly gunzTarPerm extractEntry test/fixtures/images/img-responsive-center.pug
319 silly gunzTarPerm extractEntry test/fixtures/images/img-responsive.pug
320 silly gunzTarPerm extractEntry test/fixtures/images/img-rounded.pug
321 silly gunzTarPerm extractEntry test/fixtures/images/img-thumbnail.pug
322 silly gunzTarPerm extractEntry test/fixtures/accordion/accordion-item-primary.pug
323 silly gunzTarPerm extractEntry test/fixtures/accordion/accordion.pug
324 silly gunzTarPerm extractEntry test/fixtures/bootswatch.pug
325 silly gunzTarPerm extractEntry test/fixtures/buttons/btn-danger.pug
326 silly gunzTarPerm extractEntry test/fixtures/buttons/btn-info.pug
327 silly gunzTarPerm extractEntry test/fixtures/buttons/btn-lg-danger.pug
328 silly gunzTarPerm extractEntry test/fixtures/buttons/btn-lg-info.pug
329 silly gunzTarPerm extractEntry test/fixtures/buttons/btn-lg-primary.pug
330 silly gunzTarPerm extractEntry test/fixtures/buttons/btn-lg-success.pug
331 silly gunzTarPerm extractEntry test/fixtures/buttons/btn-lg-warning.pug
332 silly gunzTarPerm extractEntry test/fixtures/buttons/btn-primary.pug
333 silly gunzTarPerm extractEntry test/fixtures/buttons/btn-success.pug
334 silly gunzTarPerm extractEntry test/fixtures/buttons/btn-warning.pug
335 silly gunzTarPerm extractEntry test/fixtures/forms/badge.pug
336 silly gunzTarPerm extractEntry test/fixtures/forms/checkbox-inline.pug
337 silly gunzTarPerm extractEntry test/fixtures/forms/checkbox.pug
338 silly gunzTarPerm extractEntry test/fixtures/forms/icon-btn.pug
339 silly gunzTarPerm extractEntry test/fixtures/forms/input-group.pug
340 silly gunzTarPerm extractEntry test/fixtures/forms/input-simple.pug
341 silly gunzTarPerm extractEntry test/fixtures/forms/input.pug
342 silly gunzTarPerm extractEntry test/fixtures/forms/radio-inline.pug
343 silly gunzTarPerm extractEntry test/fixtures/forms/radio.pug
344 silly gunzTarPerm extractEntry test/fixtures/forms/submit.pug
345 silly gunzTarPerm extractEntry test/fixtures/icons/icon-danger.pug
346 silly gunzTarPerm extractEntry test/fixtures/icons/icon-info.pug
347 silly gunzTarPerm extractEntry test/fixtures/icons/icon-primary.pug
348 silly gunzTarPerm extractEntry test/fixtures/icons/icon-success.pug
349 silly gunzTarPerm extractEntry test/fixtures/icons/icon-warning.pug
350 silly gunzTarPerm extractEntry test/fixtures/icons/icon.pug
351 silly gunzTarPerm extractEntry test/fixtures/alerts/alert-ix-warning.pug
352 silly gunzTarPerm extractEntry test/fixtures/alerts/alert-danger.pug
353 silly gunzTarPerm extractEntry test/fixtures/alerts/alert-i-info.pug
354 silly gunzTarPerm extractEntry test/fixtures/alerts/alert-i-success.pug
355 silly gunzTarPerm extractEntry test/fixtures/alerts/alert-i-warning.pug
356 silly gunzTarPerm extractEntry test/fixtures/alerts/alert-i.pug
357 silly gunzTarPerm extractEntry test/fixtures/alerts/alert-info.pug
358 silly gunzTarPerm extractEntry test/fixtures/alerts/alert-ix-danger.pug
359 silly gunzTarPerm extractEntry test/fixtures/alerts/alert-ix-info.pug
360 silly gunzTarPerm extractEntry test/fixtures/alerts/alert-ix-success.pug
361 silly gunzTarPerm extractEntry test/fixtures/alerts/alert-i-danger.pug
362 silly gunzTarPerm extractEntry test/fixtures/alerts/alert-primary.pug
363 silly gunzTarPerm extractEntry test/fixtures/alerts/alert-success.pug
364 silly gunzTarPerm extractEntry test/fixtures/alerts/alert-warning.pug
365 silly gunzTarPerm extractEntry test/fixtures/alerts/alert-x-danger.pug
366 silly gunzTarPerm extractEntry test/fixtures/alerts/alert-x-info.pug
367 silly gunzTarPerm extractEntry test/fixtures/alerts/alert-x-success.pug
368 silly gunzTarPerm extractEntry test/fixtures/alerts/alert-x-warning.pug
369 silly gunzTarPerm extractEntry test/fixtures/alerts/alert-x.pug
370 silly gunzTarPerm extractEntry test/fixtures/alerts/alert.pug
371 silly gunzTarPerm extractEntry test/fixtures/labels/label-danger.pug
372 silly gunzTarPerm extractEntry test/fixtures/labels/label-default.pug
373 silly gunzTarPerm extractEntry test/fixtures/labels/label-info.pug
374 silly gunzTarPerm extractEntry test/fixtures/labels/label-primary.pug
375 silly gunzTarPerm extractEntry test/fixtures/labels/label-success.pug
376 silly gunzTarPerm extractEntry test/fixtures/labels/label-warning.pug
377 silly gunzTarPerm extractEntry test/fixtures/labels/label.pug
378 silly gunzTarPerm extractEntry test/fixtures/panels/default-panel.pug
379 silly gunzTarPerm extractEntry test/fixtures/panels/simple-panel.pug
380 silly gunzTarPerm extractEntry test/fixtures/progress-bar/progress-bar-danger.pug
381 silly gunzTarPerm extractEntry test/fixtures/progress-bar/progress-bar-info.pug
382 silly gunzTarPerm extractEntry test/fixtures/progress-bar/progress-bar-primary.pug
383 silly gunzTarPerm extractEntry test/fixtures/progress-bar/progress-bar-success.pug
384 silly gunzTarPerm extractEntry test/fixtures/progress-bar/progress-bar-warning.pug
385 silly gunzTarPerm extractEntry test/fixtures/progress-bar/progress-bar.pug
386 silly gunzTarPerm extractEntry test/fixtures/toggles/danger-toggle.pug
387 silly gunzTarPerm extractEntry test/fixtures/toggles/default-toggle.pug
388 silly gunzTarPerm extractEntry test/fixtures/toggles/info-toggle.pug
389 silly gunzTarPerm extractEntry test/fixtures/toggles/primary-toggle.pug
390 silly gunzTarPerm extractEntry test/fixtures/toggles/success-toggle.pug
391 silly gunzTarPerm extractEntry test/fixtures/toggles/warning-toggle.pug
392 silly gunzTarPerm extractEntry test/fixtures/tooltips/bottom-tooltip.pug
393 silly gunzTarPerm extractEntry test/fixtures/tooltips/left-tooltip.pug
394 silly gunzTarPerm extractEntry test/fixtures/tooltips/right-tooltip.pug
395 silly gunzTarPerm extractEntry test/fixtures/tooltips/top-tooltip.pug
396 silly lockFile 4b64908f-pm-jade-bootstrap-1-0-12-package tar:///home/gt4w/.npm/jade-bootstrap/1.0.12/package
397 silly lockFile 4b64908f-pm-jade-bootstrap-1-0-12-package tar:///home/gt4w/.npm/jade-bootstrap/1.0.12/package
398 silly lockFile 5251bdc9-ade-bootstrap-1-0-12-package-tgz tar:///home/gt4w/.npm/jade-bootstrap/1.0.12/package.tgz
399 silly lockFile 5251bdc9-ade-bootstrap-1-0-12-package-tgz tar:///home/gt4w/.npm/jade-bootstrap/1.0.12/package.tgz
400 verbose chmod /home/gt4w/.npm/jade-bootstrap/1.0.12/package.tgz 644
401 verbose chown /home/gt4w/.npm/jade-bootstrap/1.0.12/package.tgz [ 1002, 1002 ]
402 silly lockFile a08a2c37-tstrap-jade-bootstrap-1-0-12-tgz https://registry.npmjs.org/jade-bootstrap/-/jade-bootstrap-1.0.12.tgz
403 silly lockFile a08a2c37-tstrap-jade-bootstrap-1-0-12-tgz https://registry.npmjs.org/jade-bootstrap/-/jade-bootstrap-1.0.12.tgz
404 silly lockFile 70870638-jade-bootstrap-1-0-12 jade-bootstrap@1.0.12
405 silly lockFile 70870638-jade-bootstrap-1-0-12 jade-bootstrap@1.0.12
406 silly lockFile 2c59d03d-jade-bootstrap jade-bootstrap@
407 silly lockFile 2c59d03d-jade-bootstrap jade-bootstrap@
408 silly resolved [ { name: 'jade-bootstrap',
408 silly resolved     version: '1.0.12',
408 silly resolved     description: 'Bootstrap framework written completely using mixins in JADE',
408 silly resolved     main: 'bootstrap.jade',
408 silly resolved     scripts: { test: 'mocha -R spec' },
408 silly resolved     repository:
408 silly resolved      { type: 'git',
408 silly resolved        url: 'https://github.com/rajasegar/JADE-Bootstrap.git' },
408 silly resolved     keywords:
408 silly resolved      [ 'jade',
408 silly resolved        'bootstrap',
408 silly resolved        'twitter',
408 silly resolved        'bootstrap',
408 silly resolved        'frontend',
408 silly resolved        'ui',
408 silly resolved        'framework',
408 silly resolved        'jade',
408 silly resolved        'mixins' ],
408 silly resolved     author: { name: 'Rajasegar Chandiran' },
408 silly resolved     license: 'Apache',
408 silly resolved     bugs: { url: 'https://github.com/rajasegar/JADE-Bootstrap/issues' },
408 silly resolved     homepage: 'https://github.com/rajasegar/JADE-Bootstrap',
408 silly resolved     devDependencies: { pug: '^2.0.0-beta11', jasmine: '^2.4.1', mocha: '^2.3.4' },
408 silly resolved     dependencies: {},
408 silly resolved     readme: '# JADE-Bootstrap\n[Bootstrap](http://getbootstrap.com) framework written completely using mixins in [Pug](http://pugjs.org)\n\n[![Build Status](https://travis-ci.org/rajasegar/JADE-Bootstrap.svg?branch=master)](https://travis-ci.org/rajasegar/JADE-Bootstrap) \n[![npm](https://img.shields.io/npm/dm/jade-bootstrap.svg)](https://www.npmjs.com/package/jade-bootstrap)  \n[![npm version](http://img.shields.io/npm/v/jade-bootstrap.svg?style=flat)](https://npmjs.org/package/jade-bootstrap "View this project on npm")\n[![MIT license](http://img.shields.io/badge/license-MIT-brightgreen.svg)](http://opensource.org/licenses/MIT)\n\n## Website\n[JADE-Bootstrap](http://rajasegar.github.io/JADE-Bootstrap/) \n\n## Documentation\n[Documentation](http://rajasegar.github.io/JADE-Bootstrap/) \n\n## Wiki\nGo to [wiki](http://rajasegar.github.io/JADE-Bootstrap/) page\n\n## Quickstart\n  Several quick start options are available:\n  * [Download the latest release] (https://github.com/rajasegar/JADE-Bootstrap/archive/master.zip)\n  * Clone the repo: `git clone https://github.com/rajasegar/JADE-Bootstrap.git`.\n  * Install with [Bower](http://bower.io/): `bower install jade-bootstrap`.\n  * Install with [npm](https://www.npmjs.com/): `npm install jade-bootstrap`.\n\nThe quickest way to get started for NodeJS applications is with this [boilerplate](https://github.com/rajasegar/jadebootstrap-seed)\n\n### What\'s included\n\nWithin the download you\'ll find the following directories and files, logically grouping common mixins. You\'ll see something like this:\n\n```\nbootstrap.pug\n├── components/\n│   ├── accordion.pug\n│   ├── alerts.pug\n│   ├── carousel.pug\n│   ├── dropdowns.pug\n│   ├── forms.pug\n│   ├── icons.pug\n│   ├── labels.pug\n│   ├── list-groups.pug\n│   ├── modal.pug\n│   ├── navbar.pug\n│   ├── navs.pug\n│   ├── panels.pug\n│   ├── progress-bars.pug\n│   ├── tables.pug\n│   ├── tabs.pug\n│   ├── toggle.pug\n│   └── tooltips.pug\n└── layouts/\n    ├── blog.pug\n    ├── carousel.pug\n    ├── cover.pug\n    ├── dashboard.pug\n    ├── jumbotron.pug\n    ├── jumbotron-narrow.pug\n    ├── justified-nav.pug\n    ├── navbar.pug\n    ├── navbar_fixed.pug\n    ├── navbar_static.pug\n    ├── non-responsive.pug\n    ├── offcanvas.pug\n    ├── sign-in.pug\n    ├── starter.pug\n    ├── sticky-footer.pug\n    ├── sticky-footer-navbar.pug\n    └── theme-template.pug\n\n```\n  \n  \n## Features\n\n  * Bootstrap set as the default UI framework\n  * Pug set as the default Template engine\n  * Focus on high performance\n  * Super-speed development using Pug mixins\n  * Some widely used sample layouts to start with.\n',
408 silly resolved     readmeFilename: 'README.md',
408 silly resolved     _id: 'jade-bootstrap@1.0.12',
408 silly resolved     dist: { shasum: 'b7acf5eddc88e0ef660432f2cdceb6620d3f3083' },
408 silly resolved     _from: 'jade-bootstrap@',
408 silly resolved     _resolved: 'https://registry.npmjs.org/jade-bootstrap/-/jade-bootstrap-1.0.12.tgz' } ]
409 info install jade-bootstrap@1.0.12 into /home/gt4w/workspaceEstudo/TreinamentoEnricoMarcos/frontend
410 info installOne jade-bootstrap@1.0.12
411 info /home/gt4w/workspaceEstudo/TreinamentoEnricoMarcos/frontend/node_modules/jade-bootstrap unbuild
412 verbose tar unpack /home/gt4w/.npm/jade-bootstrap/1.0.12/package.tgz
413 silly lockFile 82dfefab-tend-node-modules-jade-bootstrap tar:///home/gt4w/workspaceEstudo/TreinamentoEnricoMarcos/frontend/node_modules/jade-bootstrap
414 verbose lock tar:///home/gt4w/workspaceEstudo/TreinamentoEnricoMarcos/frontend/node_modules/jade-bootstrap /home/gt4w/.npm/82dfefab-tend-node-modules-jade-bootstrap.lock
415 silly lockFile 5251bdc9-ade-bootstrap-1-0-12-package-tgz tar:///home/gt4w/.npm/jade-bootstrap/1.0.12/package.tgz
416 verbose lock tar:///home/gt4w/.npm/jade-bootstrap/1.0.12/package.tgz /home/gt4w/.npm/5251bdc9-ade-bootstrap-1-0-12-package-tgz.lock
417 silly gunzTarPerm modes [ '755', '644' ]
418 silly gunzTarPerm extractEntry package.json
419 silly gunzTarPerm extractEntry .npmignore
420 silly gunzTarPerm extractEntry README.md
421 silly gunzTarPerm extractEntry LICENSE
422 silly gunzTarPerm extractEntry bower.json
423 silly gunzTarPerm extractEntry _bootstrap.pug
424 silly gunzTarPerm extractEntry .jshintrc
425 silly gunzTarPerm extractEntry components/list-groups.pug
426 silly gunzTarPerm extractEntry components/accordion.pug
427 silly gunzTarPerm extractEntry components/bootswatch.pug
428 silly gunzTarPerm extractEntry components/buttons.pug
429 silly gunzTarPerm extractEntry components/carousel.pug
430 silly gunzTarPerm extractEntry components/dropdowns.pug
431 silly gunzTarPerm extractEntry components/forms.pug
432 silly gunzTarPerm extractEntry components/icons.pug
433 silly gunzTarPerm extractEntry components/images.pug
434 silly gunzTarPerm extractEntry components/labels.pug
435 silly gunzTarPerm extractEntry components/alerts.pug
436 silly gunzTarPerm extractEntry components/modal.pug
437 silly gunzTarPerm extractEntry components/navbar.pug
438 silly gunzTarPerm extractEntry components/navs.pug
439 silly gunzTarPerm extractEntry components/panels.pug
440 silly gunzTarPerm extractEntry components/progress-bars.pug
441 silly gunzTarPerm extractEntry components/tables.pug
442 silly gunzTarPerm extractEntry components/tabs.pug
443 silly gunzTarPerm extractEntry components/toggle.pug
444 silly gunzTarPerm extractEntry components/tooltips.pug
445 silly gunzTarPerm extractEntry css/navbar-static-top.css
446 silly gunzTarPerm extractEntry css/blog.css
447 silly gunzTarPerm extractEntry css/codemirror.css
448 silly gunzTarPerm extractEntry css/cover.css
449 silly gunzTarPerm extractEntry css/dashboard.css
450 silly gunzTarPerm extractEntry css/jumbotron-narrow.css
451 silly gunzTarPerm extractEntry css/jumbotron.css
452 silly gunzTarPerm extractEntry css/justified-nav.css
453 silly gunzTarPerm extractEntry css/navbar-fixed-top.css
454 silly gunzTarPerm extractEntry css/carousel.css
455 silly gunzTarPerm extractEntry css/navbar.css
456 silly gunzTarPerm extractEntry css/non-responsive.css
457 silly gunzTarPerm extractEntry css/offcanvas.css
458 silly gunzTarPerm extractEntry css/signin.css
459 silly gunzTarPerm extractEntry css/starter-template.css
460 silly gunzTarPerm extractEntry css/sticky-footer-navbar.css
461 silly gunzTarPerm extractEntry css/sticky-footer.css
462 silly gunzTarPerm extractEntry css/theme.css
463 silly gunzTarPerm extractEntry layouts/navbar-static.pug
464 silly gunzTarPerm extractEntry layouts/blog.pug
465 silly gunzTarPerm extractEntry layouts/carousel.pug
466 silly gunzTarPerm extractEntry layouts/cover.pug
467 silly gunzTarPerm extractEntry layouts/dashboard.pug
468 silly gunzTarPerm extractEntry layouts/jumbotron-narrow.pug
469 silly gunzTarPerm extractEntry layouts/jumbotron.pug
470 silly gunzTarPerm extractEntry layouts/justified-nav.pug
471 silly gunzTarPerm extractEntry layouts/navbar-fixed.pug
472 silly gunzTarPerm extractEntry layouts/bootswatch.pug
473 silly gunzTarPerm extractEntry layouts/navbar.pug
474 silly gunzTarPerm extractEntry layouts/non-responsive.pug
475 silly gunzTarPerm extractEntry layouts/offcanvas.pug
476 silly gunzTarPerm extractEntry layouts/sign-in.pug
477 silly gunzTarPerm extractEntry layouts/starter.pug
478 silly gunzTarPerm extractEntry layouts/sticky-footer-navbar.pug
479 silly gunzTarPerm extractEntry layouts/sticky-footer.pug
480 silly gunzTarPerm extractEntry layouts/theme-template.pug
481 silly gunzTarPerm extractEntry .travis.yml
482 silly gunzTarPerm extractEntry test/accordion.js
483 silly gunzTarPerm extractEntry test/toggle.js
484 silly gunzTarPerm extractEntry test/forms.js
485 silly gunzTarPerm extractEntry test/icons.js
486 silly gunzTarPerm extractEntry test/images.js
487 silly gunzTarPerm extractEntry test/dropdowns.js
488 silly gunzTarPerm extractEntry test/list-groups.js
489 silly gunzTarPerm extractEntry test/modal.js
490 silly gunzTarPerm extractEntry test/navbar.js
491 silly gunzTarPerm extractEntry test/navs.js
492 silly gunzTarPerm extractEntry test/panels.js
493 silly gunzTarPerm extractEntry test/carousel.js
494 silly gunzTarPerm extractEntry test/progress-bar.js
495 silly gunzTarPerm extractEntry test/buttons.js
496 silly gunzTarPerm extractEntry test/tables.js
497 silly gunzTarPerm extractEntry test/bootswatch.js
498 silly gunzTarPerm extractEntry test/tabs.js
499 silly gunzTarPerm extractEntry test/alert.js
500 silly gunzTarPerm extractEntry test/tooltips.js
501 silly gunzTarPerm extractEntry test/labels.js
502 silly gunzTarPerm extractEntry test/fixtures/images/img-circle.pug
503 silly gunzTarPerm extractEntry test/fixtures/images/img-responsive-center.pug
504 silly gunzTarPerm extractEntry test/fixtures/images/img-responsive.pug
505 silly gunzTarPerm extractEntry test/fixtures/images/img-rounded.pug
506 silly gunzTarPerm extractEntry test/fixtures/images/img-thumbnail.pug
507 silly gunzTarPerm extractEntry test/fixtures/accordion/accordion-item-primary.pug
508 silly gunzTarPerm extractEntry test/fixtures/accordion/accordion.pug
509 silly gunzTarPerm extractEntry test/fixtures/bootswatch.pug
510 silly gunzTarPerm extractEntry test/fixtures/buttons/btn-danger.pug
511 silly gunzTarPerm extractEntry test/fixtures/buttons/btn-info.pug
512 silly gunzTarPerm extractEntry test/fixtures/buttons/btn-lg-danger.pug
513 silly gunzTarPerm extractEntry test/fixtures/buttons/btn-lg-info.pug
514 silly gunzTarPerm extractEntry test/fixtures/buttons/btn-lg-primary.pug
515 silly gunzTarPerm extractEntry test/fixtures/buttons/btn-lg-success.pug
516 silly gunzTarPerm extractEntry test/fixtures/buttons/btn-lg-warning.pug
517 silly gunzTarPerm extractEntry test/fixtures/buttons/btn-primary.pug
518 silly gunzTarPerm extractEntry test/fixtures/buttons/btn-success.pug
519 silly gunzTarPerm extractEntry test/fixtures/buttons/btn-warning.pug
520 silly gunzTarPerm extractEntry test/fixtures/forms/badge.pug
521 silly gunzTarPerm extractEntry test/fixtures/forms/checkbox-inline.pug
522 silly gunzTarPerm extractEntry test/fixtures/forms/checkbox.pug
523 silly gunzTarPerm extractEntry test/fixtures/forms/icon-btn.pug
524 silly gunzTarPerm extractEntry test/fixtures/forms/input-group.pug
525 silly gunzTarPerm extractEntry test/fixtures/forms/input-simple.pug
526 silly gunzTarPerm extractEntry test/fixtures/forms/input.pug
527 silly gunzTarPerm extractEntry test/fixtures/forms/radio-inline.pug
528 silly gunzTarPerm extractEntry test/fixtures/forms/radio.pug
529 silly gunzTarPerm extractEntry test/fixtures/forms/submit.pug
530 silly gunzTarPerm extractEntry test/fixtures/icons/icon-danger.pug
531 silly gunzTarPerm extractEntry test/fixtures/icons/icon-info.pug
532 silly gunzTarPerm extractEntry test/fixtures/icons/icon-primary.pug
533 silly gunzTarPerm extractEntry test/fixtures/icons/icon-success.pug
534 silly gunzTarPerm extractEntry test/fixtures/icons/icon-warning.pug
535 silly gunzTarPerm extractEntry test/fixtures/icons/icon.pug
536 silly gunzTarPerm extractEntry test/fixtures/alerts/alert-ix-warning.pug
537 silly gunzTarPerm extractEntry test/fixtures/alerts/alert-danger.pug
538 silly gunzTarPerm extractEntry test/fixtures/alerts/alert-i-info.pug
539 silly gunzTarPerm extractEntry test/fixtures/alerts/alert-i-success.pug
540 silly gunzTarPerm extractEntry test/fixtures/alerts/alert-i-warning.pug
541 silly gunzTarPerm extractEntry test/fixtures/alerts/alert-i.pug
542 silly gunzTarPerm extractEntry test/fixtures/alerts/alert-info.pug
543 silly gunzTarPerm extractEntry test/fixtures/alerts/alert-ix-danger.pug
544 silly gunzTarPerm extractEntry test/fixtures/alerts/alert-ix-info.pug
545 silly gunzTarPerm extractEntry test/fixtures/alerts/alert-ix-success.pug
546 silly gunzTarPerm extractEntry test/fixtures/alerts/alert-i-danger.pug
547 silly gunzTarPerm extractEntry test/fixtures/alerts/alert-primary.pug
548 silly gunzTarPerm extractEntry test/fixtures/alerts/alert-success.pug
549 silly gunzTarPerm extractEntry test/fixtures/alerts/alert-warning.pug
550 silly gunzTarPerm extractEntry test/fixtures/alerts/alert-x-danger.pug
551 silly gunzTarPerm extractEntry test/fixtures/alerts/alert-x-info.pug
552 silly gunzTarPerm extractEntry test/fixtures/alerts/alert-x-success.pug
553 silly gunzTarPerm extractEntry test/fixtures/alerts/alert-x-warning.pug
554 silly gunzTarPerm extractEntry test/fixtures/alerts/alert-x.pug
555 silly gunzTarPerm extractEntry test/fixtures/alerts/alert.pug
556 silly gunzTarPerm extractEntry test/fixtures/labels/label-danger.pug
557 silly gunzTarPerm extractEntry test/fixtures/labels/label-default.pug
558 silly gunzTarPerm extractEntry test/fixtures/labels/label-info.pug
559 silly gunzTarPerm extractEntry test/fixtures/labels/label-primary.pug
560 silly gunzTarPerm extractEntry test/fixtures/labels/label-success.pug
561 silly gunzTarPerm extractEntry test/fixtures/labels/label-warning.pug
562 silly gunzTarPerm extractEntry test/fixtures/labels/label.pug
563 silly gunzTarPerm extractEntry test/fixtures/panels/default-panel.pug
564 silly gunzTarPerm extractEntry test/fixtures/panels/simple-panel.pug
565 silly gunzTarPerm extractEntry test/fixtures/progress-bar/progress-bar-danger.pug
566 silly gunzTarPerm extractEntry test/fixtures/progress-bar/progress-bar-info.pug
567 silly gunzTarPerm extractEntry test/fixtures/progress-bar/progress-bar-primary.pug
568 silly gunzTarPerm extractEntry test/fixtures/progress-bar/progress-bar-success.pug
569 silly gunzTarPerm extractEntry test/fixtures/progress-bar/progress-bar-warning.pug
570 silly gunzTarPerm extractEntry test/fixtures/progress-bar/progress-bar.pug
571 silly gunzTarPerm extractEntry test/fixtures/toggles/danger-toggle.pug
572 silly gunzTarPerm extractEntry test/fixtures/toggles/default-toggle.pug
573 silly gunzTarPerm extractEntry test/fixtures/toggles/info-toggle.pug
574 silly gunzTarPerm extractEntry test/fixtures/toggles/primary-toggle.pug
575 silly gunzTarPerm extractEntry test/fixtures/toggles/success-toggle.pug
576 silly gunzTarPerm extractEntry test/fixtures/toggles/warning-toggle.pug
577 silly gunzTarPerm extractEntry test/fixtures/tooltips/bottom-tooltip.pug
578 silly gunzTarPerm extractEntry test/fixtures/tooltips/left-tooltip.pug
579 silly gunzTarPerm extractEntry test/fixtures/tooltips/right-tooltip.pug
580 silly gunzTarPerm extractEntry test/fixtures/tooltips/top-tooltip.pug
581 silly lockFile 82dfefab-tend-node-modules-jade-bootstrap tar:///home/gt4w/workspaceEstudo/TreinamentoEnricoMarcos/frontend/node_modules/jade-bootstrap
582 silly lockFile 82dfefab-tend-node-modules-jade-bootstrap tar:///home/gt4w/workspaceEstudo/TreinamentoEnricoMarcos/frontend/node_modules/jade-bootstrap
583 silly lockFile 5251bdc9-ade-bootstrap-1-0-12-package-tgz tar:///home/gt4w/.npm/jade-bootstrap/1.0.12/package.tgz
584 silly lockFile 5251bdc9-ade-bootstrap-1-0-12-package-tgz tar:///home/gt4w/.npm/jade-bootstrap/1.0.12/package.tgz
585 info preinstall jade-bootstrap@1.0.12
586 verbose readDependencies using package.json deps
587 verbose readDependencies using package.json deps
588 silly resolved []
589 verbose about to build /home/gt4w/workspaceEstudo/TreinamentoEnricoMarcos/frontend/node_modules/jade-bootstrap
590 info build /home/gt4w/workspaceEstudo/TreinamentoEnricoMarcos/frontend/node_modules/jade-bootstrap
591 verbose linkStuff [ false,
591 verbose linkStuff   false,
591 verbose linkStuff   false,
591 verbose linkStuff   '/home/gt4w/workspaceEstudo/TreinamentoEnricoMarcos/frontend/node_modules' ]
592 info linkStuff jade-bootstrap@1.0.12
593 verbose linkBins jade-bootstrap@1.0.12
594 verbose linkMans jade-bootstrap@1.0.12
595 verbose rebuildBundles jade-bootstrap@1.0.12
596 info install jade-bootstrap@1.0.12
597 info postinstall jade-bootstrap@1.0.12
598 error peerinvalid The package grunt does not satisfy its siblings' peerDependencies requirements!
598 error peerinvalid Peer grunt-contrib-clean@0.4.1 wants grunt@~0.4.0
598 error peerinvalid Peer grunt-contrib-copy@0.4.1 wants grunt@~0.4.0
598 error peerinvalid Peer grunt-rsync@0.6.2 wants grunt@~0.4.0
598 error peerinvalid Peer grunt-autoprefixer@3.0.4 wants grunt@>=0.4.2
598 error peerinvalid Peer grunt-contrib-cssmin@0.4.2 wants grunt@~0.4.0
598 error peerinvalid Peer grunt-contrib-uglify@0.2.7 wants grunt@~0.4.0
598 error peerinvalid Peer grunt-contrib-watch@0.6.1 wants grunt@~0.4.0
598 error peerinvalid Peer grunt-contrib-jade@0.7.0 wants grunt@~0.4.0
598 error peerinvalid Peer grunt-contrib-jshint@0.6.5 wants grunt@~0.4.0
598 error peerinvalid Peer grunt-contrib-less@0.6.5 wants grunt@~0.4.0
598 error peerinvalid Peer grunt-jade-usemin@0.10.2 wants grunt@~0.4.4
599 error System Linux 4.4.0-47-generic
600 error command "/usr/local/bin/node" "/usr/local/bin/npm" "install" "jade-bootstrap"
601 error cwd /home/gt4w/workspaceEstudo/TreinamentoEnricoMarcos/frontend
602 error node -v v0.10.25
603 error npm -v 1.3.24
604 error code EPEERINVALID
605 verbose exit [ 1, true ]
